2026-04-06 21:34:00  INFO  Loading Whisper model...
2026-04-06 21:34:01  INFO  HTTP Request: GET https://huggingface.co/api/models/Systran/faster-whisper-small/revision/main "HTTP/1.1 200 OK"
2026-04-06 21:34:02  INFO  Ready. Press F9 to start/stop dictation.
2026-04-06 21:34:07  INFO  Recording started.
2026-04-06 21:34:19  INFO  Recording stopped.
2026-04-06 21:34:19  INFO  Transcribing...
2026-04-06 21:34:19  INFO  Processing audio with duration 00:09.256
2026-04-06 21:34:19  INFO  VAD filter removed 00:03.928 of audio
2026-04-06 21:34:21  INFO  Transcribed: Hello, what's up? This is Vijay and welcome back to my YouTube channel
2026-04-06 21:34:53  INFO  Recording started.
2026-04-06 21:35:03  INFO  Recording stopped.
2026-04-06 21:35:03  INFO  Transcribing...
2026-04-06 21:35:03  INFO  Processing audio with duration 00:07.410
2026-04-06 21:35:03  INFO  VAD filter removed 00:07.410 of audio
2026-04-06 21:35:03  WARNING  Nothing transcribed — try speaking louder.
2026-04-06 21:36:41  INFO  Recording started.
2026-04-06 21:36:42  INFO  Recording stopped.
2026-04-06 21:36:42  INFO  Transcribing...
2026-04-06 21:36:42  WARNING  Nothing transcribed — try speaking louder.
2026-04-06 21:36:43  INFO  Recording started.
2026-04-06 21:36:50  INFO  Recording stopped.
2026-04-06 21:36:50  INFO  Transcribing...
2026-04-06 21:36:50  INFO  Processing audio with duration 00:05.018
2026-04-06 21:36:50  INFO  VAD filter removed 00:05.018 of audio
2026-04-06 21:36:50  WARNING  Nothing transcribed — try speaking louder.
2026-04-06 21:36:53  INFO  Recording started.
2026-04-06 21:36:54  INFO  Recording stopped.
2026-04-06 21:36:54  INFO  Transcribing...
2026-04-06 21:36:54  WARNING  Nothing transcribed — try speaking louder.
2026-04-06 21:36:55  INFO  Recording started.
2026-04-06 21:36:59  INFO  Recording stopped.
2026-04-06 21:36:59  INFO  Transcribing...
2026-04-06 21:36:59  INFO  Processing audio with duration 00:02.158
2026-04-06 21:36:59  INFO  VAD filter removed 00:00.000 of audio
2026-04-06 21:37:01  INFO  Transcribed: And welcome back to my youtube channel
2026-04-06 21:37:42  INFO  Recording started.
2026-04-06 21:37:49  INFO  Recording stopped.
2026-04-06 21:37:50  INFO  Transcribing...
2026-04-06 21:37:50  INFO  Processing audio with duration 00:04.758
2026-04-06 21:37:50  INFO  VAD filter removed 00:02.854 of audio
2026-04-06 21:37:51  INFO  Transcribed: I am Gopra Thakambarathini.
2026-04-06 21:38:26  INFO  Recording started.
2026-04-06 21:38:30  INFO  Recording stopped.
2026-04-06 21:38:31  INFO  Transcribing...
2026-04-06 21:38:31  INFO  Processing audio with duration 00:01.846
2026-04-06 21:38:31  INFO  VAD filter removed 00:00.000 of audio
2026-04-06 21:38:32  INFO  Transcribed: Come back to my YouTube channel
2026-04-06 21:38:40  INFO  Recording started.
2026-04-06 21:38:45  INFO  Recording stopped.
2026-04-06 21:38:45  INFO  Transcribing...
2026-04-06 21:38:45  INFO  Processing audio with duration 00:03.198
2026-04-06 21:38:45  INFO  VAD filter removed 00:00.000 of audio
2026-04-06 21:38:47  INFO  Transcribed: one and welcome back to my youtube channel
2026-04-06 21:39:56  INFO  Recording started.
2026-04-06 21:40:13  INFO  Recording stopped.
2026-04-06 21:40:13  INFO  Transcribing...
2026-04-06 21:40:13  INFO  Processing audio with duration 00:14.586
2026-04-06 21:40:13  INFO  VAD filter removed 00:01.200 of audio
2026-04-06 21:40:16  INFO  Transcribed: So, I can speak now, hello everyone and welcome back to my youtube channel, this is Vijay and I am going to teach you how to get a girlfriend ok, so you are going to get F.
2026-04-06 21:54:30  INFO  Loading Whisper model...
2026-04-06 21:54:31  INFO  HTTP Request: GET https://huggingface.co/api/models/Systran/faster-whisper-small/revision/main "HTTP/1.1 200 OK"
2026-04-06 21:54:32  INFO  Ready. Press Ctrl+Win to start/stop dictation.
2026-04-06 21:54:37  INFO  Recording started.
2026-04-06 21:54:44  INFO  Recording stopped.
2026-04-06 21:54:44  INFO  Transcribing...
2026-04-06 21:54:44  INFO  Processing audio with duration 00:05.018
2026-04-06 21:54:44  INFO  VAD filter removed 00:05.018 of audio
2026-04-06 21:54:44  WARNING  Nothing transcribed — try speaking louder.
2026-04-06 21:54:46  INFO  Recording started.
2026-04-06 21:54:48  INFO  Recording stopped.
2026-04-06 21:54:48  INFO  Transcribing...
2026-04-06 21:54:48  INFO  Processing audio with duration 00:00.052
2026-04-06 21:54:48  INFO  VAD filter removed 00:00.052 of audio
2026-04-06 21:54:48  WARNING  Nothing transcribed — try speaking louder.
2026-04-06 21:55:03  INFO  Recording started.
2026-04-06 21:55:15  INFO  Recording stopped.
2026-04-06 21:55:15  INFO  Transcribing...
2026-04-06 21:55:15  INFO  Processing audio with duration 00:10.426
2026-04-06 21:55:15  INFO  VAD filter removed 00:00.000 of audio
2026-04-06 21:55:17  INFO  Transcribed: So, what I am really concerned about is how to go about optimizing a retrieval process from here right.
2026-04-06 21:55:25  INFO  Recording started.
2026-04-06 21:55:36  INFO  Recording stopped.
2026-04-06 21:55:36  INFO  Transcribing...
2026-04-06 21:55:36  INFO  Processing audio with duration 00:09.308
2026-04-06 21:55:36  INFO  VAD filter removed 00:09.308 of audio
2026-04-06 21:55:36  WARNING  Nothing transcribed — try speaking louder.
2026-04-06 21:55:48  INFO  Recording started.
2026-04-06 21:55:50  INFO  Recording stopped.
2026-04-06 21:55:50  INFO  Transcribing...
2026-04-06 21:55:50  INFO  Processing audio with duration 00:00.598
2026-04-06 21:55:50  INFO  VAD filter removed 00:00.598 of audio
2026-04-06 21:55:50  WARNING  Nothing transcribed — try speaking louder.
2026-04-06 21:55:52  INFO  Recording started.
2026-04-06 21:55:55  INFO  Recording stopped.
2026-04-06 21:55:55  INFO  Transcribing...
2026-04-06 21:55:55  INFO  Processing audio with duration 00:01.690
2026-04-06 21:55:55  INFO  VAD filter removed 00:01.690 of audio
2026-04-06 21:55:55  WARNING  Nothing transcribed — try speaking louder.
2026-04-06 22:04:54  INFO  Loading Whisper model...
2026-04-06 22:04:55  INFO  HTTP Request: GET https://huggingface.co/api/models/Systran/faster-whisper-small/revision/main "HTTP/1.1 200 OK"
2026-04-06 22:04:56  INFO  Ready. Press Ctrl+Win to start/stop dictation.
2026-04-06 22:04:59  INFO  Recording started.
2026-04-06 22:05:19  INFO  Recording stopped.
2026-04-06 22:05:19  INFO  Transcribing...
2026-04-06 22:05:19  INFO  Processing audio with duration 00:17.654
2026-04-06 22:05:19  INFO  VAD filter removed 00:11.056 of audio
2026-04-06 22:05:22  INFO  Transcribed: Hey, yeah, so the problem is Yeah, I think it works fine
2026-04-06 22:05:33  INFO  Recording started.
2026-04-06 22:05:42  INFO  Recording stopped.
2026-04-06 22:05:42  INFO  Transcribing...
2026-04-06 22:05:42  INFO  Processing audio with duration 00:07.566
2026-04-06 22:05:42  INFO  VAD filter removed 00:00.624 of audio
2026-04-06 22:05:44  INFO  Transcribed: Hello, let's test it out again. This is what the input is. Let's see what the output would be
2026-04-06 22:26:58  INFO  Recording started.
2026-04-06 22:27:02  INFO  Recording stopped.
2026-04-06 22:27:02  INFO  Transcribing...
2026-04-06 22:27:02  INFO  Processing audio with duration 00:03.588
2026-04-06 22:27:02  INFO  VAD filter removed 00:00.976 of audio
2026-04-06 22:27:04  INFO  Transcribed: What is the best online video editor?
2026-04-06 22:27:59  INFO  Recording started.
2026-04-06 22:28:34  INFO  Recording stopped.
2026-04-06 22:28:34  INFO  Transcribing...
2026-04-06 22:28:34  INFO  Processing audio with duration 00:34.710
2026-04-06 22:28:34  INFO  VAD filter removed 00:03.792 of audio
2026-04-06 22:28:40  INFO  Transcribed: Hey, so the problem with most rag applications is That it's expensive. No, actually, that's not the point. It's actually Quite cheap, right? That's like the main advantage of rag My name is Vijay and I'll meet you in tomorrow. No day after tomorrow. I Think Yeah, yeah, I think we'll meet day after tomorrow
2026-04-06 22:28:58  INFO  murmr closed.
2026-04-06 22:30:55  INFO  Loading Whisper model...
2026-04-06 22:30:56  INFO  HTTP Request: GET https://huggingface.co/api/models/Systran/faster-whisper-small/revision/main "HTTP/1.1 200 OK"
2026-04-06 22:30:57  INFO  murmr closed.
2026-04-06 22:41:04  INFO  Loading Whisper model...
2026-04-06 22:41:05  INFO  HTTP Request: GET https://huggingface.co/api/models/Systran/faster-whisper-small/revision/main "HTTP/1.1 200 OK"
2026-04-06 22:41:06  INFO  Ready. Press Ctrl+Win to start/stop dictation.
2026-04-06 22:41:08  INFO  Recording started.
2026-04-06 22:41:11  INFO  Recording stopped.
2026-04-06 22:41:11  INFO  Transcribing...
2026-04-06 22:41:11  INFO  Processing audio with duration 00:02.886
2026-04-06 22:41:11  INFO  VAD filter removed 00:01.654 of audio
2026-04-06 22:41:14  INFO  Transcribed: I'm in there.
2026-04-06 22:41:17  INFO  Recording started.
2026-04-06 22:41:22  INFO  Recording stopped.
2026-04-06 22:41:22  INFO  Transcribing...
2026-04-06 22:41:22  INFO  Processing audio with duration 00:05.304
2026-04-06 22:41:22  INFO  VAD filter removed 00:00.592 of audio
2026-04-06 22:41:24  INFO  Transcribed: Hey, what's up welcome back to my youtube channel, and this is Vijay
2026-04-06 22:41:47  INFO  Recording started.
2026-04-06 22:42:01  INFO  Recording stopped.
2026-04-06 22:42:01  INFO  Transcribing...
2026-04-06 22:42:01  INFO  Processing audio with duration 00:13.806
2026-04-06 22:42:01  INFO  VAD filter removed 00:13.806 of audio
2026-04-06 22:42:01  WARNING  Nothing transcribed — try speaking louder.
2026-04-06 22:42:02  INFO  Recording started.
2026-04-06 22:42:03  INFO  Recording stopped.
2026-04-06 22:42:04  INFO  Transcribing...
2026-04-06 22:42:04  INFO  Processing audio with duration 00:01.248
2026-04-06 22:42:04  INFO  VAD filter removed 00:01.248 of audio
2026-04-06 22:42:04  WARNING  Nothing transcribed — try speaking louder.
2026-04-06 22:42:04  INFO  Recording started.
2026-04-06 22:42:06  INFO  Recording stopped.
2026-04-06 22:42:06  INFO  Transcribing...
2026-04-06 22:42:06  INFO  Processing audio with duration 00:02.106
2026-04-06 22:42:06  INFO  VAD filter removed 00:02.106 of audio
2026-04-06 22:42:06  WARNING  Nothing transcribed — try speaking louder.
2026-04-06 22:42:09  INFO  Recording started.
2026-04-06 22:42:15  INFO  Recording stopped.
2026-04-06 22:42:15  INFO  Transcribing...
2026-04-06 22:42:15  INFO  Processing audio with duration 00:06.110
2026-04-06 22:42:15  INFO  VAD filter removed 00:02.526 of audio
2026-04-06 22:42:17  INFO  Transcribed: Hey, welcome back to my youtube channel and
2026-04-06 22:42:22  INFO  Recording started.
2026-04-06 22:42:28  INFO  Recording stopped.
2026-04-06 22:42:28  INFO  Transcribing...
2026-04-06 22:42:28  INFO  Processing audio with duration 00:05.850
2026-04-06 22:42:28  INFO  VAD filter removed 00:00.464 of audio
2026-04-06 22:42:31  INFO  Transcribed: What? What the heck? What? What? What? What? What? What? What? What?
2026-04-06 22:43:35  INFO  Recording started.
2026-04-06 22:43:46  INFO  Recording stopped.
2026-04-06 22:43:46  INFO  Transcribing...
2026-04-06 22:43:46  INFO  Processing audio with duration 00:11.440
2026-04-06 22:43:46  INFO  VAD filter removed 00:05.328 of audio
2026-04-06 22:43:59  INFO  Transcribed: I know a clue. I'd have a cell in my colonel, huh? Taste of a bear.
2026-04-06 22:44:58  INFO  Recording started.
2026-04-06 22:44:59  INFO  Recording stopped.
2026-04-06 22:44:59  INFO  Transcribing...
2026-04-06 22:44:59  INFO  Processing audio with duration 00:01.560
2026-04-06 22:44:59  INFO  VAD filter removed 00:01.560 of audio
2026-04-06 22:44:59  WARNING  Nothing transcribed — try speaking louder.
2026-04-06 22:48:19  INFO  Loading Whisper model...
2026-04-06 22:48:19  INFO  Recording started.
2026-04-06 22:48:19  INFO  Recording started.
2026-04-06 22:48:20  INFO  HTTP Request: GET https://huggingface.co/api/models/Systran/faster-whisper-small/revision/main "HTTP/1.1 200 OK"
2026-04-06 22:48:21  INFO  Ready. Press Ctrl+Win to start/stop dictation.
2026-04-06 22:48:23  INFO  Recording stopped.
2026-04-06 22:48:23  INFO  Recording stopped.
2026-04-06 22:48:23  INFO  Transcribing...
2026-04-06 22:48:23  INFO  Processing audio with duration 00:03.978
2026-04-06 22:48:23  INFO  Transcribing...
2026-04-06 22:48:23  INFO  Processing audio with duration 00:03.978
2026-04-06 22:48:23  INFO  VAD filter removed 00:03.978 of audio
2026-04-06 22:48:23  WARNING  Nothing transcribed — try speaking louder.
2026-04-06 22:48:23  INFO  VAD filter removed 00:03.978 of audio
2026-04-06 22:48:23  WARNING  Nothing transcribed — try speaking louder.
2026-04-06 22:48:26  INFO  murmr exited.
2026-04-06 22:48:27  INFO  murmr exited.
2026-04-06 22:48:33  INFO  Loading Whisper model...
2026-04-06 22:48:34  INFO  HTTP Request: GET https://huggingface.co/api/models/Systran/faster-whisper-small/revision/main "HTTP/1.1 200 OK"
2026-04-06 22:48:35  INFO  Ready. Press Ctrl+Win to start/stop dictation.
2026-04-06 22:48:36  INFO  Recording started.
2026-04-06 22:48:43  INFO  Recording stopped.
2026-04-06 22:48:43  INFO  Transcribing...
2026-04-06 22:48:43  INFO  Processing audio with duration 00:07.228
2026-04-06 22:48:43  INFO  VAD filter removed 00:06.204 of audio
2026-04-06 22:48:46  INFO  Transcribed: Let's go, baby.
2026-04-06 22:48:49  INFO  Recording started.
2026-04-06 22:49:05  INFO  Recording stopped.
2026-04-06 22:49:05  INFO  Transcribing...
2026-04-06 22:49:05  INFO  Processing audio with duration 00:15.756
2026-04-06 22:49:05  INFO  VAD filter removed 00:15.756 of audio
2026-04-06 22:49:05  WARNING  Nothing transcribed — try speaking louder.
2026-04-06 22:49:08  INFO  Recording started.
2026-04-06 22:49:27  INFO  Recording stopped.
2026-04-06 22:49:27  INFO  Transcribing...
2026-04-06 22:49:27  INFO  Processing audio with duration 00:18.408
2026-04-06 22:49:27  INFO  VAD filter removed 00:09.480 of audio
2026-04-06 22:49:29  INFO  Transcribed: Brother, I'll take care of everything. Don't worry, I'll take care of everything.
2026-04-06 22:49:40  INFO  Recording started.
2026-04-06 22:49:43  INFO  Recording stopped.
2026-04-06 22:49:43  INFO  Transcribing...
2026-04-06 22:49:43  INFO  Processing audio with duration 00:02.548
2026-04-06 22:49:43  INFO  VAD filter removed 00:02.548 of audio
2026-04-06 22:49:43  WARNING  Nothing transcribed — try speaking louder.
2026-04-06 22:49:44  INFO  Recording started.
2026-04-06 22:49:55  INFO  Recording stopped.
2026-04-06 22:49:55  INFO  Transcribing...
2026-04-06 22:49:55  INFO  Processing audio with duration 00:10.868
2026-04-06 22:49:55  INFO  VAD filter removed 00:10.868 of audio
2026-04-06 22:49:55  WARNING  Nothing transcribed — try speaking louder.
2026-04-06 22:49:55  INFO  Recording started.
2026-04-06 22:49:57  INFO  Recording stopped.
2026-04-06 22:49:57  INFO  Transcribing...
2026-04-06 22:49:57  INFO  Processing audio with duration 00:01.794
2026-04-06 22:49:57  INFO  VAD filter removed 00:01.794 of audio
2026-04-06 22:49:57  WARNING  Nothing transcribed — try speaking louder.
2026-04-06 22:50:53  INFO  Recording started.
2026-04-06 22:51:09  INFO  Recording stopped.
2026-04-06 22:51:09  INFO  Transcribing...
2026-04-06 22:51:09  INFO  Processing audio with duration 00:16.484
2026-04-06 22:51:09  INFO  VAD filter removed 00:16.484 of audio
2026-04-06 22:51:09  WARNING  Nothing transcribed — try speaking louder.
2026-04-06 22:51:10  INFO  Recording started.
2026-04-06 22:51:16  INFO  Recording stopped.
2026-04-06 22:51:16  INFO  Transcribing...
2026-04-06 22:51:16  INFO  Processing audio with duration 00:05.746
2026-04-06 22:51:16  INFO  VAD filter removed 00:00.400 of audio
2026-04-06 22:51:18  INFO  Transcribed: Hey, what's up? How's it going and what's the logic behind all this?
2026-04-06 22:51:55  INFO  Recording started.
2026-04-06 22:52:08  INFO  Recording stopped.
2026-04-06 22:52:08  INFO  Transcribing...
2026-04-06 22:52:08  INFO  Processing audio with duration 00:12.714
2026-04-06 22:52:08  INFO  VAD filter removed 00:12.714 of audio
2026-04-06 22:52:08  WARNING  Nothing transcribed — try speaking louder.
2026-04-06 22:57:48  INFO  murmr exited.
2026-04-06 22:57:53  INFO  Loading Whisper model...
2026-04-06 22:57:55  INFO  HTTP Request: GET https://huggingface.co/api/models/Systran/faster-whisper-small/revision/main "HTTP/1.1 200 OK"
2026-04-06 22:57:56  INFO  Ready. Press Ctrl+Win to start/stop dictation.
2026-04-06 22:57:57  INFO  Recording started.
2026-04-06 22:58:17  INFO  Recording stopped.
2026-04-06 22:58:17  INFO  Transcribing...
2026-04-06 22:58:17  INFO  Processing audio with duration 00:19.526
2026-04-06 22:58:17  INFO  VAD filter removed 00:10.374 of audio
2026-04-06 22:58:19  INFO  Transcribed: Hey, what's up? How's it going and what can we do about such? Nice nice nice nice
2026-04-06 22:58:32  INFO  Recording started.
2026-04-06 22:58:55  INFO  Recording stopped.
2026-04-06 22:58:55  INFO  Transcribing...
2026-04-06 22:58:55  INFO  Processing audio with duration 00:22.542
2026-04-06 22:58:55  INFO  VAD filter removed 00:05.584 of audio
2026-04-06 22:58:59  INFO  Transcribed: Hello, hello, what's up? How's it going? This is a nice implementation, I guess Not only maybe a point to note for me is this Sort of gray bar at the top. I don't know how it came probably. I won't like it
2026-04-06 22:59:15  INFO  Recording started.
2026-04-06 22:59:28  INFO  Recording stopped.
2026-04-06 22:59:28  INFO  Transcribing...
2026-04-06 22:59:28  INFO  Processing audio with duration 00:13.260
2026-04-06 22:59:28  INFO  VAD filter removed 00:02.256 of audio
2026-04-06 22:59:38  INFO  Transcribed: Hello, hello, hello, hello, hello, hello, hello, hello, hello, hello, hello, hello.
2026-04-06 22:59:51  INFO  Recording started.
2026-04-06 23:00:11  INFO  Recording stopped.
2026-04-06 23:00:11  INFO  Transcribing...
2026-04-06 23:00:11  INFO  Processing audio with duration 00:20.540
2026-04-06 23:00:11  INFO  VAD filter removed 00:13.424 of audio
2026-04-06 23:00:14  INFO  Transcribed: Hey, what is up? Let's go. Let's go. Let's go. Let's go. Let's go. Let's go
2026-04-06 23:00:56  INFO  murmr exited.
2026-04-06 23:01:02  INFO  Loading Whisper model...
2026-04-06 23:01:03  INFO  Recording started.
2026-04-06 23:01:04  INFO  HTTP Request: GET https://huggingface.co/api/models/Systran/faster-whisper-small/revision/main "HTTP/1.1 200 OK"
2026-04-06 23:01:05  INFO  Ready. Press Ctrl+Win to start/stop dictation.
2026-04-06 23:01:12  INFO  Recording stopped.
2026-04-06 23:01:12  INFO  Transcribing...
2026-04-06 23:01:12  INFO  Processing audio with duration 00:09.048
2026-04-06 23:01:12  INFO  VAD filter removed 00:03.064 of audio
2026-04-06 23:01:15  INFO  Transcribed: Okay, yeah, yeah, this looks cool. This looks cool. Perfect, perfect, perfect, perfect!
2026-04-06 23:04:25  INFO  murmr exited.
2026-04-06 23:04:34  INFO  Loading Whisper model...
2026-04-06 23:04:35  INFO  HTTP Request: GET https://huggingface.co/api/models/Systran/faster-whisper-small/revision/main "HTTP/1.1 200 OK"
2026-04-06 23:04:35  INFO  Recording started.
2026-04-06 23:04:37  INFO  Ready. Press Ctrl+Win to start/stop dictation.
2026-04-06 23:04:43  INFO  Recording stopped.
2026-04-06 23:04:43  INFO  Transcribing...
2026-04-06 23:04:43  INFO  Processing audio with duration 00:07.774
2026-04-06 23:04:43  INFO  VAD filter removed 00:00.432 of audio
2026-04-06 23:04:45  INFO  Transcribed: Hey YouTube channel, and this is Vijay and What should I say?
2026-04-06 23:04:57  INFO  Recording started.
2026-04-06 23:05:14  INFO  Recording stopped.
2026-04-06 23:05:14  INFO  Transcribing...
2026-04-06 23:05:14  INFO  Processing audio with duration 00:16.848
2026-04-06 23:05:14  INFO  VAD filter removed 00:00.944 of audio
2026-04-06 23:05:17  INFO  Transcribed: So we went home yesterday and what happened there was that we had our food first, then we thought of watching a movie, then someone had a Hindi movie, so we went and then we came and had some dessert.
2026-04-06 23:05:31  INFO  Recording started.
2026-04-06 23:05:45  INFO  Recording stopped.
2026-04-06 23:05:45  INFO  Transcribing...
2026-04-06 23:05:45  INFO  Processing audio with duration 00:14.456
2026-04-06 23:05:45  INFO  VAD filter removed 00:03.216 of audio
2026-04-06 23:05:48  INFO  Transcribed: How are you all at home? Are you all doing well? I went home yesterday and had a good meal. I am very hungry now. It would be good if I had something to eat.
2026-04-06 23:14:13  INFO  murmr exited.
2026-04-06 23:14:18  INFO  Loading Whisper model...
2026-04-06 23:14:18  INFO  HTTP Request: GET https://huggingface.co/api/models/Systran/faster-whisper-small/revision/main "HTTP/1.1 200 OK"
2026-04-06 23:14:19  INFO  Recording started.
2026-04-06 23:14:20  INFO  Ready. Press Ctrl+Win to start/stop dictation.
2026-04-06 23:14:22  INFO  Recording stopped.
2026-04-06 23:14:22  INFO  Transcribing...
2026-04-06 23:14:22  INFO  Processing audio with duration 00:02.652
2026-04-06 23:14:22  INFO  VAD filter removed 00:00.528 of audio
2026-04-06 23:14:22  DEBUG  VAD filter kept the following audio segments: [00:00.528 -> 00:02.652]
2026-04-06 23:14:22  DEBUG  Processing segment at 00:00.000
2026-04-06 23:14:24  INFO  Transcribed: Hola amigo
2026-04-06 23:17:49  INFO  Recording started.
2026-04-06 23:17:53  INFO  Recording stopped.
2026-04-06 23:17:53  INFO  Transcribing...
2026-04-06 23:17:53  INFO  Processing audio with duration 00:03.614
2026-04-06 23:17:53  INFO  VAD filter removed 00:03.614 of audio
2026-04-06 23:17:53  DEBUG  VAD filter kept the following audio segments: 
2026-04-06 23:17:53  WARNING  Nothing transcribed — try speaking louder.
